0 info it worked if it ends with ok
1 verbose cli [ '/usr/local/bin/node', '/usr/local/bin/npm', 'run', 'webpack' ]
2 info using npm@3.10.10
3 info using node@v6.10.1
4 verbose run-script [ 'prewebpack', 'webpack', 'postwebpack' ]
5 info lifecycle webpack-demo-app@1.0.0~prewebpack: webpack-demo-app@1.0.0
6 silly lifecycle webpack-demo-app@1.0.0~prewebpack: no script for prewebpack, continuing
7 info lifecycle webpack-demo-app@1.0.0~webpack: webpack-demo-app@1.0.0
8 verbose lifecycle webpack-demo-app@1.0.0~webpack: unsafe-perm in lifecycle true
9 verbose lifecycle webpack-demo-app@1.0.0~webpack: PATH: /usr/local/lib/node_modules/npm/bin/node-gyp-bin:/Users/wangxiaoyu/Desktop/webpack-test/webpack-demo-app/node_modules/.bin:/Users/wangxiaoyu/Documents/dev/java_tools/apache-maven-3.3.9/bin:/Library/Java/JavaVirtualMachines/jdk1.8.0_51.jdk/Contents/Home/bin:/usr/local/bin:/usr/bin:/bin:/usr/sbin:/sbin::
10 verbose lifecycle webpack-demo-app@1.0.0~webpack: CWD: /Users/wangxiaoyu/Desktop/webpack-test/webpack-demo-app
11 silly lifecycle webpack-demo-app@1.0.0~webpack: Args: [ '-c',
11 silly lifecycle   'webpack --config webpack.config.js --progress --display-modules --colors --display-reasons' ]
12 silly lifecycle webpack-demo-app@1.0.0~webpack: Returned: code: 2  signal: null
13 info lifecycle webpack-demo-app@1.0.0~webpack: Failed to exec webpack script
14 verbose stack Error: webpack-demo-app@1.0.0 webpack: `webpack --config webpack.config.js --progress --display-modules --colors --display-reasons`
14 verbose stack Exit status 2
14 verbose stack     at EventEmitter.<anonymous> (/usr/local/lib/node_modules/npm/lib/utils/lifecycle.js:255:16)
14 verbose stack     at emitTwo (events.js:106:13)
14 verbose stack     at EventEmitter.emit (events.js:191:7)
14 verbose stack     at ChildProcess.<anonymous> (/usr/local/lib/node_modules/npm/lib/utils/spawn.js:40:14)
14 verbose stack     at emitTwo (events.js:106:13)
14 verbose stack     at ChildProcess.emit (events.js:191:7)
14 verbose stack     at maybeClose (internal/child_process.js:886:16)
14 verbose stack     at Process.ChildProcess._handle.onexit (internal/child_process.js:226:5)
15 verbose pkgid webpack-demo-app@1.0.0
16 verbose cwd /Users/wangxiaoyu/Desktop/webpack-test/webpack-demo-app
17 error Darwin 15.3.0
18 error argv "/usr/local/bin/node" "/usr/local/bin/npm" "run" "webpack"
19 error node v6.10.1
20 error npm  v3.10.10
21 error code ELIFECYCLE
22 error webpack-demo-app@1.0.0 webpack: `webpack --config webpack.config.js --progress --display-modules --colors --display-reasons`
22 error Exit status 2
23 error Failed at the webpack-demo-app@1.0.0 webpack script 'webpack --config webpack.config.js --progress --display-modules --colors --display-reasons'.
23 error Make sure you have the latest version of node.js and npm installed.
23 error If you do, this is most likely a problem with the webpack-demo-app package,
23 error not with npm itself.
23 error Tell the author that this fails on your system:
23 error     webpack --config webpack.config.js --progress --display-modules --colors --display-reasons
23 error You can get information on how to open an issue for this project with:
23 error     npm bugs webpack-demo-app
23 error Or if that isn't available, you can get their info via:
23 error     npm owner ls webpack-demo-app
23 error There is likely additional logging output above.
24 verbose exit [ 1, true ]
